Start testing: Aug 15 19:39 CEST
----------------------------------------------------------
1/6 Testing: EngineTest.BasicOptimization
1/6 Test: EngineTest.BasicOptimization
Command: "/home/leandro/Code/Projects/Paladio/cpp_core/build/paladio_tests" "--gtest_filter=EngineTest.BasicOptimization" "--gtest_also_run_disabled_tests"
Directory: /home/leandro/Code/Projects/Paladio/cpp_core/build
"EngineTest.BasicOptimization" start time: Aug 15 19:39 CEST
Output:
----------------------------------------------------------
Running main() from /home/leandro/Code/Projects/Paladio/cpp_core/build/_deps/googletest-src/googletest/src/gtest_main.cc
Note: Google Test filter = EngineTest.BasicOptimization
[==========] Running 1 test from 1 test suite.
[----------] Global test environment set-up.
[----------] 1 test from EngineTest
[ RUN      ] EngineTest.BasicOptimization
[       OK ] EngineTest.BasicOptimization (0 ms)
[----------] 1 test from EngineTest (0 ms total)

[----------] Global test environment tear-down
[==========] 1 test from 1 test suite ran. (0 ms total)
[  PASSED  ] 1 test.
<end of output>
Test time =   0.01 sec
----------------------------------------------------------
Test Passed.
"EngineTest.BasicOptimization" end time: Aug 15 19:39 CEST
"EngineTest.BasicOptimization" time elapsed: 00:00:00
----------------------------------------------------------

2/6 Testing: EngineTest.StrictPruningOverBudget
2/6 Test: EngineTest.StrictPruningOverBudget
Command: "/home/leandro/Code/Projects/Paladio/cpp_core/build/paladio_tests" "--gtest_filter=EngineTest.StrictPruningOverBudget" "--gtest_also_run_disabled_tests"
Directory: /home/leandro/Code/Projects/Paladio/cpp_core/build
"EngineTest.StrictPruningOverBudget" start time: Aug 15 19:39 CEST
Output:
----------------------------------------------------------
Running main() from /home/leandro/Code/Projects/Paladio/cpp_core/build/_deps/googletest-src/googletest/src/gtest_main.cc
Note: Google Test filter = EngineTest.StrictPruningOverBudget
[==========] Running 1 test from 1 test suite.
[----------] Global test environment set-up.
[----------] 1 test from EngineTest
[ RUN      ] EngineTest.StrictPruningOverBudget
[       OK ] EngineTest.StrictPruningOverBudget (0 ms)
[----------] 1 test from EngineTest (0 ms total)

[----------] Global test environment tear-down
[==========] 1 test from 1 test suite ran. (0 ms total)
[  PASSED  ] 1 test.
<end of output>
Test time =   0.01 sec
----------------------------------------------------------
Test Passed.
"EngineTest.StrictPruningOverBudget" end time: Aug 15 19:39 CEST
"EngineTest.StrictPruningOverBudget" time elapsed: 00:00:00
----------------------------------------------------------

3/6 Testing: EngineTest.PenalizationLogic
3/6 Test: EngineTest.PenalizationLogic
Command: "/home/leandro/Code/Projects/Paladio/cpp_core/build/paladio_tests" "--gtest_filter=EngineTest.PenalizationLogic" "--gtest_also_run_disabled_tests"
Directory: /home/leandro/Code/Projects/Paladio/cpp_core/build
"EngineTest.PenalizationLogic" start time: Aug 15 19:39 CEST
Output:
----------------------------------------------------------
Running main() from /home/leandro/Code/Projects/Paladio/cpp_core/build/_deps/googletest-src/googletest/src/gtest_main.cc
Note: Google Test filter = EngineTest.PenalizationLogic
[==========] Running 1 test from 1 test suite.
[----------] Global test environment set-up.
[----------] 1 test from EngineTest
[ RUN      ] EngineTest.PenalizationLogic
[       OK ] EngineTest.PenalizationLogic (0 ms)
[----------] 1 test from EngineTest (0 ms total)

[----------] Global test environment tear-down
[==========] 1 test from 1 test suite ran. (0 ms total)
[  PASSED  ] 1 test.
<end of output>
Test time =   0.01 sec
----------------------------------------------------------
Test Passed.
"EngineTest.PenalizationLogic" end time: Aug 15 19:39 CEST
"EngineTest.PenalizationLogic" time elapsed: 00:00:00
----------------------------------------------------------

4/6 Testing: EngineTest.StartNodeConstraint
4/6 Test: EngineTest.StartNodeConstraint
Command: "/home/leandro/Code/Projects/Paladio/cpp_core/build/paladio_tests" "--gtest_filter=EngineTest.StartNodeConstraint" "--gtest_also_run_disabled_tests"
Directory: /home/leandro/Code/Projects/Paladio/cpp_core/build
"EngineTest.StartNodeConstraint" start time: Aug 15 19:39 CEST
Output:
----------------------------------------------------------
Running main() from /home/leandro/Code/Projects/Paladio/cpp_core/build/_deps/googletest-src/googletest/src/gtest_main.cc
Note: Google Test filter = EngineTest.StartNodeConstraint
[==========] Running 1 test from 1 test suite.
[----------] Global test environment set-up.
[----------] 1 test from EngineTest
[ RUN      ] EngineTest.StartNodeConstraint
[       OK ] EngineTest.StartNodeConstraint (0 ms)
[----------] 1 test from EngineTest (0 ms total)

[----------] Global test environment tear-down
[==========] 1 test from 1 test suite ran. (0 ms total)
[  PASSED  ] 1 test.
<end of output>
Test time =   0.01 sec
----------------------------------------------------------
Test Passed.
"EngineTest.StartNodeConstraint" end time: Aug 15 19:39 CEST
"EngineTest.StartNodeConstraint" time elapsed: 00:00:00
----------------------------------------------------------

5/6 Testing: EngineTest.EndNodeTypeConstraint
5/6 Test: EngineTest.EndNodeTypeConstraint
Command: "/home/leandro/Code/Projects/Paladio/cpp_core/build/paladio_tests" "--gtest_filter=EngineTest.EndNodeTypeConstraint" "--gtest_also_run_disabled_tests"
Directory: /home/leandro/Code/Projects/Paladio/cpp_core/build
"EngineTest.EndNodeTypeConstraint" start time: Aug 15 19:39 CEST
Output:
----------------------------------------------------------
Running main() from /home/leandro/Code/Projects/Paladio/cpp_core/build/_deps/googletest-src/googletest/src/gtest_main.cc
Note: Google Test filter = EngineTest.EndNodeTypeConstraint
[==========] Running 1 test from 1 test suite.
[----------] Global test environment set-up.
[----------] 1 test from EngineTest
[ RUN      ] EngineTest.EndNodeTypeConstraint
[       OK ] EngineTest.EndNodeTypeConstraint (0 ms)
[----------] 1 test from EngineTest (0 ms total)

[----------] Global test environment tear-down
[==========] 1 test from 1 test suite ran. (0 ms total)
[  PASSED  ] 1 test.
<end of output>
Test time =   0.01 sec
----------------------------------------------------------
Test Passed.
"EngineTest.EndNodeTypeConstraint" end time: Aug 15 19:39 CEST
"EngineTest.EndNodeTypeConstraint" time elapsed: 00:00:00
----------------------------------------------------------

6/6 Testing: EngineTest.TimeWindowsRespect
6/6 Test: EngineTest.TimeWindowsRespect
Command: "/home/leandro/Code/Projects/Paladio/cpp_core/build/paladio_tests" "--gtest_filter=EngineTest.TimeWindowsRespect" "--gtest_also_run_disabled_tests"
Directory: /home/leandro/Code/Projects/Paladio/cpp_core/build
"EngineTest.TimeWindowsRespect" start time: Aug 15 19:39 CEST
Output:
----------------------------------------------------------
Running main() from /home/leandro/Code/Projects/Paladio/cpp_core/build/_deps/googletest-src/googletest/src/gtest_main.cc
Note: Google Test filter = EngineTest.TimeWindowsRespect
[==========] Running 1 test from 1 test suite.
[----------] Global test environment set-up.
[----------] 1 test from EngineTest
[ RUN      ] EngineTest.TimeWindowsRespect
[       OK ] EngineTest.TimeWindowsRespect (0 ms)
[----------] 1 test from EngineTest (0 ms total)

[----------] Global test environment tear-down
[==========] 1 test from 1 test suite ran. (0 ms total)
[  PASSED  ] 1 test.
<end of output>
Test time =   0.01 sec
----------------------------------------------------------
Test Passed.
"EngineTest.TimeWindowsRespect" end time: Aug 15 19:39 CEST
"EngineTest.TimeWindowsRespect" time elapsed: 00:00:00
----------------------------------------------------------

End testing: Aug 15 19:39 CEST
