Start testing: Aug 18 20:04 CEST
----------------------------------------------------------
1/16 Testing: EngineTest.BasicOptimization
1/16 Test: EngineTest.BasicOptimization
Command: "/home/leandro/Code/Projects/Paladio/cpp_core/build/paladio_tests" "--gtest_filter=EngineTest.BasicOptimization" "--gtest_also_run_disabled_tests"
Directory: /home/leandro/Code/Projects/Paladio/cpp_core/build
"EngineTest.BasicOptimization" start time: Aug 18 20:04 CEST
Output:
----------------------------------------------------------
Running main() from /home/leandro/Code/Projects/Paladio/cpp_core/build/_deps/googletest-src/googletest/src/gtest_main.cc
Note: Google Test filter = EngineTest.BasicOptimization
[==========] Running 1 test from 1 test suite.
[----------] Global test environment set-up.
[----------] 1 test from EngineTest
[ RUN      ] EngineTest.BasicOptimization
[       OK ] EngineTest.BasicOptimization (42 ms)
[----------] 1 test from EngineTest (42 ms total)

[----------] Global test environment tear-down
[==========] 1 test from 1 test suite ran. (42 ms total)
[  PASSED  ] 1 test.
<end of output>
Test time =   0.05 sec
----------------------------------------------------------
Test Passed.
"EngineTest.BasicOptimization" end time: Aug 18 20:04 CEST
"EngineTest.BasicOptimization" time elapsed: 00:00:00
----------------------------------------------------------

2/16 Testing: EngineTest.StrictPruningOverBudget
2/16 Test: EngineTest.StrictPruningOverBudget
Command: "/home/leandro/Code/Projects/Paladio/cpp_core/build/paladio_tests" "--gtest_filter=EngineTest.StrictPruningOverBudget" "--gtest_also_run_disabled_tests"
Directory: /home/leandro/Code/Projects/Paladio/cpp_core/build
"EngineTest.StrictPruningOverBudget" start time: Aug 18 20:04 CEST
Output:
----------------------------------------------------------
Running main() from /home/leandro/Code/Projects/Paladio/cpp_core/build/_deps/googletest-src/googletest/src/gtest_main.cc
Note: Google Test filter = EngineTest.StrictPruningOverBudget
[==========] Running 1 test from 1 test suite.
[----------] Global test environment set-up.
[----------] 1 test from EngineTest
[ RUN      ] EngineTest.StrictPruningOverBudget
[       OK ] EngineTest.StrictPruningOverBudget (39 ms)
[----------] 1 test from EngineTest (39 ms total)

[----------] Global test environment tear-down
[==========] 1 test from 1 test suite ran. (39 ms total)
[  PASSED  ] 1 test.
<end of output>
Test time =   0.04 sec
----------------------------------------------------------
Test Passed.
"EngineTest.StrictPruningOverBudget" end time: Aug 18 20:04 CEST
"EngineTest.StrictPruningOverBudget" time elapsed: 00:00:00
----------------------------------------------------------

3/16 Testing: EngineTest.TieBreakerLogic
3/16 Test: EngineTest.TieBreakerLogic
Command: "/home/leandro/Code/Projects/Paladio/cpp_core/build/paladio_tests" "--gtest_filter=EngineTest.TieBreakerLogic" "--gtest_also_run_disabled_tests"
Directory: /home/leandro/Code/Projects/Paladio/cpp_core/build
"EngineTest.TieBreakerLogic" start time: Aug 18 20:04 CEST
Output:
----------------------------------------------------------
Running main() from /home/leandro/Code/Projects/Paladio/cpp_core/build/_deps/googletest-src/googletest/src/gtest_main.cc
Note: Google Test filter = EngineTest.TieBreakerLogic
[==========] Running 1 test from 1 test suite.
[----------] Global test environment set-up.
[----------] 1 test from EngineTest
[ RUN      ] EngineTest.TieBreakerLogic
[       OK ] EngineTest.TieBreakerLogic (38 ms)
[----------] 1 test from EngineTest (38 ms total)

[----------] Global test environment tear-down
[==========] 1 test from 1 test suite ran. (38 ms total)
[  PASSED  ] 1 test.
<end of output>
Test time =   0.04 sec
----------------------------------------------------------
Test Passed.
"EngineTest.TieBreakerLogic" end time: Aug 18 20:04 CEST
"EngineTest.TieBreakerLogic" time elapsed: 00:00:00
----------------------------------------------------------

4/16 Testing: EngineTest.StartNodeConstraint
4/16 Test: EngineTest.StartNodeConstraint
Command: "/home/leandro/Code/Projects/Paladio/cpp_core/build/paladio_tests" "--gtest_filter=EngineTest.StartNodeConstraint" "--gtest_also_run_disabled_tests"
Directory: /home/leandro/Code/Projects/Paladio/cpp_core/build
"EngineTest.StartNodeConstraint" start time: Aug 18 20:04 CEST
Output:
----------------------------------------------------------
Running main() from /home/leandro/Code/Projects/Paladio/cpp_core/build/_deps/googletest-src/googletest/src/gtest_main.cc
Note: Google Test filter = EngineTest.StartNodeConstraint
[==========] Running 1 test from 1 test suite.
[----------] Global test environment set-up.
[----------] 1 test from EngineTest
[ RUN      ] EngineTest.StartNodeConstraint
[       OK ] EngineTest.StartNodeConstraint (38 ms)
[----------] 1 test from EngineTest (38 ms total)

[----------] Global test environment tear-down
[==========] 1 test from 1 test suite ran. (38 ms total)
[  PASSED  ] 1 test.
<end of output>
Test time =   0.04 sec
----------------------------------------------------------
Test Passed.
"EngineTest.StartNodeConstraint" end time: Aug 18 20:04 CEST
"EngineTest.StartNodeConstraint" time elapsed: 00:00:00
----------------------------------------------------------

5/16 Testing: EngineTest.EndNodeTypeConstraint
5/16 Test: EngineTest.EndNodeTypeConstraint
Command: "/home/leandro/Code/Projects/Paladio/cpp_core/build/paladio_tests" "--gtest_filter=EngineTest.EndNodeTypeConstraint" "--gtest_also_run_disabled_tests"
Directory: /home/leandro/Code/Projects/Paladio/cpp_core/build
"EngineTest.EndNodeTypeConstraint" start time: Aug 18 20:04 CEST
Output:
----------------------------------------------------------
Running main() from /home/leandro/Code/Projects/Paladio/cpp_core/build/_deps/googletest-src/googletest/src/gtest_main.cc
Note: Google Test filter = EngineTest.EndNodeTypeConstraint
[==========] Running 1 test from 1 test suite.
[----------] Global test environment set-up.
[----------] 1 test from EngineTest
[ RUN      ] EngineTest.EndNodeTypeConstraint
[       OK ] EngineTest.EndNodeTypeConstraint (38 ms)
[----------] 1 test from EngineTest (38 ms total)

[----------] Global test environment tear-down
[==========] 1 test from 1 test suite ran. (38 ms total)
[  PASSED  ] 1 test.
<end of output>
Test time =   0.04 sec
----------------------------------------------------------
Test Passed.
"EngineTest.EndNodeTypeConstraint" end time: Aug 18 20:04 CEST
"EngineTest.EndNodeTypeConstraint" time elapsed: 00:00:00
----------------------------------------------------------

6/16 Testing: EngineTest.TimeWindowsRespect
6/16 Test: EngineTest.TimeWindowsRespect
Command: "/home/leandro/Code/Projects/Paladio/cpp_core/build/paladio_tests" "--gtest_filter=EngineTest.TimeWindowsRespect" "--gtest_also_run_disabled_tests"
Directory: /home/leandro/Code/Projects/Paladio/cpp_core/build
"EngineTest.TimeWindowsRespect" start time: Aug 18 20:04 CEST
Output:
----------------------------------------------------------
Running main() from /home/leandro/Code/Projects/Paladio/cpp_core/build/_deps/googletest-src/googletest/src/gtest_main.cc
Note: Google Test filter = EngineTest.TimeWindowsRespect
[==========] Running 1 test from 1 test suite.
[----------] Global test environment set-up.
[----------] 1 test from EngineTest
[ RUN      ] EngineTest.TimeWindowsRespect
[       OK ] EngineTest.TimeWindowsRespect (39 ms)
[----------] 1 test from EngineTest (39 ms total)

[----------] Global test environment tear-down
[==========] 1 test from 1 test suite ran. (39 ms total)
[  PASSED  ] 1 test.
<end of output>
Test time =   0.04 sec
----------------------------------------------------------
Test Passed.
"EngineTest.TimeWindowsRespect" end time: Aug 18 20:04 CEST
"EngineTest.TimeWindowsRespect" time elapsed: 00:00:00
----------------------------------------------------------

7/16 Testing: EngineTest.TimeWindowsRespectFix
7/16 Test: EngineTest.TimeWindowsRespectFix
Command: "/home/leandro/Code/Projects/Paladio/cpp_core/build/paladio_tests" "--gtest_filter=EngineTest.TimeWindowsRespectFix" "--gtest_also_run_disabled_tests"
Directory: /home/leandro/Code/Projects/Paladio/cpp_core/build
"EngineTest.TimeWindowsRespectFix" start time: Aug 18 20:04 CEST
Output:
----------------------------------------------------------
Running main() from /home/leandro/Code/Projects/Paladio/cpp_core/build/_deps/googletest-src/googletest/src/gtest_main.cc
Note: Google Test filter = EngineTest.TimeWindowsRespectFix
[==========] Running 1 test from 1 test suite.
[----------] Global test environment set-up.
[----------] 1 test from EngineTest
[ RUN      ] EngineTest.TimeWindowsRespectFix
[       OK ] EngineTest.TimeWindowsRespectFix (40 ms)
[----------] 1 test from EngineTest (40 ms total)

[----------] Global test environment tear-down
[==========] 1 test from 1 test suite ran. (40 ms total)
[  PASSED  ] 1 test.
<end of output>
Test time =   0.04 sec
----------------------------------------------------------
Test Passed.
"EngineTest.TimeWindowsRespectFix" end time: Aug 18 20:04 CEST
"EngineTest.TimeWindowsRespectFix" time elapsed: 00:00:00
----------------------------------------------------------

8/16 Testing: EngineTest.MealCompliance
8/16 Test: EngineTest.MealCompliance
Command: "/home/leandro/Code/Projects/Paladio/cpp_core/build/paladio_tests" "--gtest_filter=EngineTest.MealCompliance" "--gtest_also_run_disabled_tests"
Directory: /home/leandro/Code/Projects/Paladio/cpp_core/build
"EngineTest.MealCompliance" start time: Aug 18 20:04 CEST
Output:
----------------------------------------------------------
Running main() from /home/leandro/Code/Projects/Paladio/cpp_core/build/_deps/googletest-src/googletest/src/gtest_main.cc
Note: Google Test filter = EngineTest.MealCompliance
[==========] Running 1 test from 1 test suite.
[----------] Global test environment set-up.
[----------] 1 test from EngineTest
[ RUN      ] EngineTest.MealCompliance
[       OK ] EngineTest.MealCompliance (40 ms)
[----------] 1 test from EngineTest (40 ms total)

[----------] Global test environment tear-down
[==========] 1 test from 1 test suite ran. (40 ms total)
[  PASSED  ] 1 test.
<end of output>
Test time =   0.04 sec
----------------------------------------------------------
Test Passed.
"EngineTest.MealCompliance" end time: Aug 18 20:04 CEST
"EngineTest.MealCompliance" time elapsed: 00:00:00
----------------------------------------------------------

9/16 Testing: EngineTest.HotelMealInsideWindow
9/16 Test: EngineTest.HotelMealInsideWindow
Command: "/home/leandro/Code/Projects/Paladio/cpp_core/build/paladio_tests" "--gtest_filter=EngineTest.HotelMealInsideWindow" "--gtest_also_run_disabled_tests"
Directory: /home/leandro/Code/Projects/Paladio/cpp_core/build
"EngineTest.HotelMealInsideWindow" start time: Aug 18 20:04 CEST
Output:
----------------------------------------------------------
Running main() from /home/leandro/Code/Projects/Paladio/cpp_core/build/_deps/googletest-src/googletest/src/gtest_main.cc
Note: Google Test filter = EngineTest.HotelMealInsideWindow
[==========] Running 1 test from 1 test suite.
[----------] Global test environment set-up.
[----------] 1 test from EngineTest
[ RUN      ] EngineTest.HotelMealInsideWindow
[       OK ] EngineTest.HotelMealInsideWindow (40 ms)
[----------] 1 test from EngineTest (40 ms total)

[----------] Global test environment tear-down
[==========] 1 test from 1 test suite ran. (40 ms total)
[  PASSED  ] 1 test.
<end of output>
Test time =   0.04 sec
----------------------------------------------------------
Test Passed.
"EngineTest.HotelMealInsideWindow" end time: Aug 18 20:04 CEST
"EngineTest.HotelMealInsideWindow" time elapsed: 00:00:00
----------------------------------------------------------

10/16 Testing: EngineTest.EndNodeTimePenaltyFix
10/16 Test: EngineTest.EndNodeTimePenaltyFix
Command: "/home/leandro/Code/Projects/Paladio/cpp_core/build/paladio_tests" "--gtest_filter=EngineTest.EndNodeTimePenaltyFix" "--gtest_also_run_disabled_tests"
Directory: /home/leandro/Code/Projects/Paladio/cpp_core/build
"EngineTest.EndNodeTimePenaltyFix" start time: Aug 18 20:04 CEST
Output:
----------------------------------------------------------
Running main() from /home/leandro/Code/Projects/Paladio/cpp_core/build/_deps/googletest-src/googletest/src/gtest_main.cc
Note: Google Test filter = EngineTest.EndNodeTimePenaltyFix
[==========] Running 1 test from 1 test suite.
[----------] Global test environment set-up.
[----------] 1 test from EngineTest
[ RUN      ] EngineTest.EndNodeTimePenaltyFix
[       OK ] EngineTest.EndNodeTimePenaltyFix (38 ms)
[----------] 1 test from EngineTest (38 ms total)

[----------] Global test environment tear-down
[==========] 1 test from 1 test suite ran. (38 ms total)
[  PASSED  ] 1 test.
<end of output>
Test time =   0.04 sec
----------------------------------------------------------
Test Passed.
"EngineTest.EndNodeTimePenaltyFix" end time: Aug 18 20:04 CEST
"EngineTest.EndNodeTimePenaltyFix" time elapsed: 00:00:00
----------------------------------------------------------

11/16 Testing: EngineTest.ThreeMealsDayScenario
11/16 Test: EngineTest.ThreeMealsDayScenario
Command: "/home/leandro/Code/Projects/Paladio/cpp_core/build/paladio_tests" "--gtest_filter=EngineTest.ThreeMealsDayScenario" "--gtest_also_run_disabled_tests"
Directory: /home/leandro/Code/Projects/Paladio/cpp_core/build
"EngineTest.ThreeMealsDayScenario" start time: Aug 18 20:04 CEST
Output:
----------------------------------------------------------
Running main() from /home/leandro/Code/Projects/Paladio/cpp_core/build/_deps/googletest-src/googletest/src/gtest_main.cc
Note: Google Test filter = EngineTest.ThreeMealsDayScenario
[==========] Running 1 test from 1 test suite.
[----------] Global test environment set-up.
[----------] 1 test from EngineTest
[ RUN      ] EngineTest.ThreeMealsDayScenario
[       OK ] EngineTest.ThreeMealsDayScenario (41 ms)
[----------] 1 test from EngineTest (41 ms total)

[----------] Global test environment tear-down
[==========] 1 test from 1 test suite ran. (41 ms total)
[  PASSED  ] 1 test.
<end of output>
Test time =   0.04 sec
----------------------------------------------------------
Test Passed.
"EngineTest.ThreeMealsDayScenario" end time: Aug 18 20:04 CEST
"EngineTest.ThreeMealsDayScenario" time elapsed: 00:00:00
----------------------------------------------------------

12/16 Testing: EngineTest.ExternalMealInputOnAttraction
12/16 Test: EngineTest.ExternalMealInputOnAttraction
Command: "/home/leandro/Code/Projects/Paladio/cpp_core/build/paladio_tests" "--gtest_filter=EngineTest.ExternalMealInputOnAttraction" "--gtest_also_run_disabled_tests"
Directory: /home/leandro/Code/Projects/Paladio/cpp_core/build
"EngineTest.ExternalMealInputOnAttraction" start time: Aug 18 20:04 CEST
Output:
----------------------------------------------------------
Running main() from /home/leandro/Code/Projects/Paladio/cpp_core/build/_deps/googletest-src/googletest/src/gtest_main.cc
Note: Google Test filter = EngineTest.ExternalMealInputOnAttraction
[==========] Running 1 test from 1 test suite.
[----------] Global test environment set-up.
[----------] 1 test from EngineTest
[ RUN      ] EngineTest.ExternalMealInputOnAttraction
[       OK ] EngineTest.ExternalMealInputOnAttraction (40 ms)
[----------] 1 test from EngineTest (40 ms total)

[----------] Global test environment tear-down
[==========] 1 test from 1 test suite ran. (40 ms total)
[  PASSED  ] 1 test.
<end of output>
Test time =   0.04 sec
----------------------------------------------------------
Test Passed.
"EngineTest.ExternalMealInputOnAttraction" end time: Aug 18 20:04 CEST
"EngineTest.ExternalMealInputOnAttraction" time elapsed: 00:00:00
----------------------------------------------------------

13/16 Testing: EngineTest.DominanceCacheTolerance
13/16 Test: EngineTest.DominanceCacheTolerance
Command: "/home/leandro/Code/Projects/Paladio/cpp_core/build/paladio_tests" "--gtest_filter=EngineTest.DominanceCacheTolerance" "--gtest_also_run_disabled_tests"
Directory: /home/leandro/Code/Projects/Paladio/cpp_core/build
"EngineTest.DominanceCacheTolerance" start time: Aug 18 20:04 CEST
Output:
----------------------------------------------------------
Running main() from /home/leandro/Code/Projects/Paladio/cpp_core/build/_deps/googletest-src/googletest/src/gtest_main.cc
Note: Google Test filter = EngineTest.DominanceCacheTolerance
[==========] Running 1 test from 1 test suite.
[----------] Global test environment set-up.
[----------] 1 test from EngineTest
[ RUN      ] EngineTest.DominanceCacheTolerance
[       OK ] EngineTest.DominanceCacheTolerance (39 ms)
[----------] 1 test from EngineTest (39 ms total)

[----------] Global test environment tear-down
[==========] 1 test from 1 test suite ran. (39 ms total)
[  PASSED  ] 1 test.
<end of output>
Test time =   0.04 sec
----------------------------------------------------------
Test Passed.
"EngineTest.DominanceCacheTolerance" end time: Aug 18 20:04 CEST
"EngineTest.DominanceCacheTolerance" time elapsed: 00:00:00
----------------------------------------------------------

14/16 Testing: EngineStressTest.SixtyFourPOIDenseGraph
14/16 Test: EngineStressTest.SixtyFourPOIDenseGraph
Command: "/home/leandro/Code/Projects/Paladio/cpp_core/build/paladio_tests" "--gtest_filter=EngineStressTest.SixtyFourPOIDenseGraph" "--gtest_also_run_disabled_tests"
Directory: /home/leandro/Code/Projects/Paladio/cpp_core/build
"EngineStressTest.SixtyFourPOIDenseGraph" start time: Aug 18 20:04 CEST
Output:
----------------------------------------------------------
Running main() from /home/leandro/Code/Projects/Paladio/cpp_core/build/_deps/googletest-src/googletest/src/gtest_main.cc
Note: Google Test filter = EngineStressTest.SixtyFourPOIDenseGraph
[==========] Running 1 test from 1 test suite.
[----------] Global test environment set-up.
[----------] 1 test from EngineStressTest
[ RUN      ] EngineStressTest.SixtyFourPOIDenseGraph
[       OK ] EngineStressTest.SixtyFourPOIDenseGraph (81 ms)
[----------] 1 test from EngineStressTest (81 ms total)

[----------] Global test environment tear-down
[==========] 1 test from 1 test suite ran. (81 ms total)
[  PASSED  ] 1 test.
<end of output>
Test time =   0.08 sec
----------------------------------------------------------
Test Passed.
"EngineStressTest.SixtyFourPOIDenseGraph" end time: Aug 18 20:04 CEST
"EngineStressTest.SixtyFourPOIDenseGraph" time elapsed: 00:00:00
----------------------------------------------------------

15/16 Testing: EngineStressTest.MaximumBitmaskIndex
15/16 Test: EngineStressTest.MaximumBitmaskIndex
Command: "/home/leandro/Code/Projects/Paladio/cpp_core/build/paladio_tests" "--gtest_filter=EngineStressTest.MaximumBitmaskIndex" "--gtest_also_run_disabled_tests"
Directory: /home/leandro/Code/Projects/Paladio/cpp_core/build
"EngineStressTest.MaximumBitmaskIndex" start time: Aug 18 20:04 CEST
Output:
----------------------------------------------------------
Running main() from /home/leandro/Code/Projects/Paladio/cpp_core/build/_deps/googletest-src/googletest/src/gtest_main.cc
Note: Google Test filter = EngineStressTest.MaximumBitmaskIndex
[==========] Running 1 test from 1 test suite.
[----------] Global test environment set-up.
[----------] 1 test from EngineStressTest
[ RUN      ] EngineStressTest.MaximumBitmaskIndex
[       OK ] EngineStressTest.MaximumBitmaskIndex (45 ms)
[----------] 1 test from EngineStressTest (45 ms total)

[----------] Global test environment tear-down
[==========] 1 test from 1 test suite ran. (45 ms total)
[  PASSED  ] 1 test.
<end of output>
Test time =   0.05 sec
----------------------------------------------------------
Test Passed.
"EngineStressTest.MaximumBitmaskIndex" end time: Aug 18 20:04 CEST
"EngineStressTest.MaximumBitmaskIndex" time elapsed: 00:00:00
----------------------------------------------------------

16/16 Testing: EngineStressTest.RandomTimeConstraintFuzzing
16/16 Test: EngineStressTest.RandomTimeConstraintFuzzing
Command: "/home/leandro/Code/Projects/Paladio/cpp_core/build/paladio_tests" "--gtest_filter=EngineStressTest.RandomTimeConstraintFuzzing" "--gtest_also_run_disabled_tests"
Directory: /home/leandro/Code/Projects/Paladio/cpp_core/build
"EngineStressTest.RandomTimeConstraintFuzzing" start time: Aug 18 20:04 CEST
Output:
----------------------------------------------------------
Running main() from /home/leandro/Code/Projects/Paladio/cpp_core/build/_deps/googletest-src/googletest/src/gtest_main.cc
Note: Google Test filter = EngineStressTest.RandomTimeConstraintFuzzing
[==========] Running 1 test from 1 test suite.
[----------] Global test environment set-up.
[----------] 1 test from EngineStressTest
[ RUN      ] EngineStressTest.RandomTimeConstraintFuzzing
[       OK ] EngineStressTest.RandomTimeConstraintFuzzing (37 ms)
[----------] 1 test from EngineStressTest (37 ms total)

[----------] Global test environment tear-down
[==========] 1 test from 1 test suite ran. (37 ms total)
[  PASSED  ] 1 test.
<end of output>
Test time =   0.04 sec
----------------------------------------------------------
Test Passed.
"EngineStressTest.RandomTimeConstraintFuzzing" end time: Aug 18 20:04 CEST
"EngineStressTest.RandomTimeConstraintFuzzing" time elapsed: 00:00:00
----------------------------------------------------------

End testing: Aug 18 20:04 CEST
